<?xml version='1.0'?>
<ns2:test-suite xmlns:ns2='urn:model.allure.qatools.yandex.ru' start='1667601456365' stop='1667601457284'>
    <name>Onliner.by Home Page navigation: Empty login field</name>
    <title>Onliner.by Home Page navigation: Empty login field</title>
    <test-cases>
        <test-case start='1667601456365' status='passed' stop='1667601456365'>
            <name></name>
            <title></title>
            <labels>
                <label name='language' value='javascript'/>
                <label name='framework' value='wdio'/>
                <label name='thread' value='0-1'/>
            </labels>
            <parameters>
                <parameter kind='argument' name='browser' value='chrome-107.0.5304.88'/>
            </parameters>
            <steps/>
            <attachments/>
        </test-case>
        <test-case start='1667601456365' status='failed' stop='1667601457268'>
            <name>Given the User opens web page https://www.onliner.by/</name>
            <title>Given the User opens web page https://www.onliner.by/</title>
            <labels>
                <label name='language' value='javascript'/>
                <label name='framework' value='wdio'/>
                <label name='thread' value='0-1'/>
            </labels>
            <parameters>
                <parameter kind='argument' name='browser' value='chrome-107.0.5304.88'/>
            </parameters>
            <steps>
                <step start='1667601456366' status='failed' stop='1667601457268'>
                    <name>POST /session/:sessionId/url</name>
                    <title>POST /session/:sessionId/url</title>
                    <attachments>
                        <attachment title='Request' source='bf13b9b7-b6f4-4e48-9388-71798691886a-attachment.json' type='application/json' size='38'/>
                    </attachments>
                    <steps>
                        <step start='1667601456738' status='failed' stop='1667601457268'>
                            <name>POST /session/:sessionId/elements</name>
                            <title>POST /session/:sessionId/elements</title>
                            <attachments>
                                <attachment title='Request' source='39453e16-a54b-4fcf-8f65-082ca3337ec9-attachment.json' type='application/json' size='59'/>
                            </attachments>
                            <steps/>
                        </step>
                    </steps>
                </step>
            </steps>
            <attachments/>
            <failure>
                <message>Error: Expect  to have text</message>
                <stack-trace>Error: Expect  to have text
                
                Expected: "Новости"
                Received: undefined
                    at D:\AutomationQA\HW22\src\step-definitions\onliner-steps.ts:13:40
                    at Generator.next (&lt;anonymous>)
                    at fulfilled (D:\AutomationQA\HW22\src\step-definitions\onliner-steps.ts:5:58)
                    at processTicksAndRejections (node:internal/process/task_queues:96:5)</stack-trace>
            </failure>
        </test-case>
        <test-case start='1667601457269' status='pending' stop='1667601457272'>
            <name>When the User clicks on sign-in button</name>
            <title>When the User clicks on sign-in button</title>
            <labels>
                <label name='language' value='javascript'/>
                <label name='framework' value='wdio'/>
                <label name='thread' value='0-1'/>
            </labels>
            <parameters>
                <parameter kind='argument' name='browser' value='chrome-107.0.5304.88'/>
            </parameters>
            <steps/>
            <attachments/>
        </test-case>
        <test-case start='1667601457272' status='broken' stop='1667601457273'>
            <name>When the User makes the login field clear</name>
            <title>When the User makes the login field clear</title>
            <labels>
                <label name='language' value='javascript'/>
                <label name='framework' value='wdio'/>
                <label name='thread' value='0-1'/>
            </labels>
            <parameters>
                <parameter kind='argument' name='browser' value='chrome-107.0.5304.88'/>
            </parameters>
            <steps/>
            <attachments/>
            <failure>
                <message>Step "the User makes the login field clear" is not defined. You can ignore this error by setting cucumberOpts.ignoreUndefinedDefinitions as true.</message>
                <stack-trace>Step "the User makes the login field clear" is not defined. You can ignore this error by setting cucumberOpts.ignoreUndefinedDefinitions as true.
                	at Feature(D:\AutomationQA\HW22\features\onliner-home-page-navigation.feature):1:1
                	at Scenario(Empty login field):31:5
                	at Step(the User makes the login field clear):33:5
                </stack-trace>
            </failure>
        </test-case>
        <test-case start='1667601457275' status='broken' stop='1667601457279'>
            <name>When the User sign in with epmty login field and password of 10 symbols</name>
            <title>When the User sign in with epmty login field and password of 10 symbols</title>
            <labels>
                <label name='language' value='javascript'/>
                <label name='framework' value='wdio'/>
                <label name='thread' value='0-1'/>
            </labels>
            <parameters>
                <parameter kind='argument' name='browser' value='chrome-107.0.5304.88'/>
            </parameters>
            <steps/>
            <attachments/>
            <failure>
                <message>Step "the User sign in with epmty login field and password of 10 symbols" is not defined. You can ignore this error by setting cucumberOpts.ignoreUndefinedDefinitions as true.</message>
                <stack-trace>Step "the User sign in with epmty login field and password of 10 symbols" is not defined. You can ignore this error by setting cucumberOpts.ignoreUndefinedDefinitions as true.
                	at Feature(D:\AutomationQA\HW22\features\onliner-home-page-navigation.feature):1:1
                	at Scenario(Empty login field):31:5
                	at Step(the User sign in with epmty login field and password of 10 symbols):34:5
                </stack-trace>
            </failure>
        </test-case>
        <test-case start='1667601457280' status='broken' stop='1667601457280'>
            <name>Then the User sees login error massage</name>
            <title>Then the User sees login error massage</title>
            <labels>
                <label name='language' value='javascript'/>
                <label name='framework' value='wdio'/>
                <label name='thread' value='0-1'/>
            </labels>
            <parameters>
                <parameter kind='argument' name='browser' value='chrome-107.0.5304.88'/>
            </parameters>
            <steps/>
            <attachments/>
            <failure>
                <message>Step "the User sees login error massage" is not defined. You can ignore this error by setting cucumberOpts.ignoreUndefinedDefinitions as true.</message>
                <stack-trace>Step "the User sees login error massage" is not defined. You can ignore this error by setting cucumberOpts.ignoreUndefinedDefinitions as true.
                	at Feature(D:\AutomationQA\HW22\features\onliner-home-page-navigation.feature):1:1
                	at Scenario(Empty login field):31:5
                	at Step(the User sees login error massage):35:5
                </stack-trace>
            </failure>
        </test-case>
        <test-case start='1667601457281' status='passed' stop='1667601457284'>
            <name></name>
            <title></title>
            <labels>
                <label name='language' value='javascript'/>
                <label name='framework' value='wdio'/>
                <label name='thread' value='0-1'/>
            </labels>
            <parameters>
                <parameter kind='argument' name='browser' value='chrome-107.0.5304.88'/>
            </parameters>
            <steps/>
            <attachments/>
        </test-case>
    </test-cases>
</ns2:test-suite>