<?xml version='1.0'?>
<ns2:test-suite xmlns:ns2='urn:model.allure.qatools.yandex.ru' start='1667587624876' stop='1667587625965'>
    <name>Onliner.by Home Page navigation: Verify page title</name>
    <title>Onliner.by Home Page navigation: Verify page title</title>
    <test-cases>
        <test-case start='1667587624877' status='passed' stop='1667587624877'>
            <name></name>
            <title></title>
            <labels>
                <label name='language' value='javascript'/>
                <label name='framework' value='wdio'/>
                <label name='thread' value='0-1'/>
            </labels>
            <parameters>
                <parameter kind='argument' name='browser' value='chrome-107.0.5304.88'/>
            </parameters>
            <steps/>
            <attachments/>
        </test-case>
        <test-case start='1667587624877' status='passed' stop='1667587625962'>
            <name>Given the User opens web page https://www.onliner.by/</name>
            <title>Given the User opens web page https://www.onliner.by/</title>
            <labels>
                <label name='language' value='javascript'/>
                <label name='framework' value='wdio'/>
                <label name='thread' value='0-1'/>
            </labels>
            <parameters>
                <parameter kind='argument' name='browser' value='chrome-107.0.5304.88'/>
            </parameters>
            <steps>
                <step start='1667587624877' status='passed' stop='1667587625962'>
                    <name>POST /session/:sessionId/url</name>
                    <title>POST /session/:sessionId/url</title>
                    <attachments>
                        <attachment title='Request' source='9aa2b640-eb1f-4f09-a0e0-43f42a4548c4-attachment.json' type='application/json' size='38'/>
                    </attachments>
                    <steps/>
                </step>
            </steps>
            <attachments/>
        </test-case>
        <test-case start='1667587625962' status='broken' stop='1667587625964'>
            <name>When the User clicks on sign-in button</name>
            <title>When the User clicks on sign-in button</title>
            <labels>
                <label name='language' value='javascript'/>
                <label name='framework' value='wdio'/>
                <label name='thread' value='0-1'/>
            </labels>
            <parameters>
                <parameter kind='argument' name='browser' value='chrome-107.0.5304.88'/>
            </parameters>
            <steps/>
            <attachments/>
            <failure>
                <message>Step "the User clicks on sign-in button" is not defined. You can ignore this error by setting cucumberOpts.ignoreUndefinedDefinitions as true.</message>
                <stack-trace>Step "the User clicks on sign-in button" is not defined. You can ignore this error by setting cucumberOpts.ignoreUndefinedDefinitions as true.
                	at Feature(D:\AutomationQA\HW22\features\onliner-home-page-navigation.feature):1:1
                	at Scenario(Verify page title):20:5
                	at Step(the User clicks on sign-in button):21:5
                </stack-trace>
            </failure>
        </test-case>
        <test-case start='1667587625964' status='broken' stop='1667587625964'>
            <name>Then the User sees opened sign-in form</name>
            <title>Then the User sees opened sign-in form</title>
            <labels>
                <label name='language' value='javascript'/>
                <label name='framework' value='wdio'/>
                <label name='thread' value='0-1'/>
            </labels>
            <parameters>
                <parameter kind='argument' name='browser' value='chrome-107.0.5304.88'/>
            </parameters>
            <steps/>
            <attachments/>
            <failure>
                <message>Step "the User sees opened sign-in form" is not defined. You can ignore this error by setting cucumberOpts.ignoreUndefinedDefinitions as true.</message>
                <stack-trace>Step "the User sees opened sign-in form" is not defined. You can ignore this error by setting cucumberOpts.ignoreUndefinedDefinitions as true.
                	at Feature(D:\AutomationQA\HW22\features\onliner-home-page-navigation.feature):1:1
                	at Scenario(Verify page title):20:5
                	at Step(the User sees opened sign-in form):22:5
                </stack-trace>
            </failure>
        </test-case>
        <test-case start='1667587625964' status='passed' stop='1667587625964'>
            <name></name>
            <title></title>
            <labels>
                <label name='language' value='javascript'/>
                <label name='framework' value='wdio'/>
                <label name='thread' value='0-1'/>
            </labels>
            <parameters>
                <parameter kind='argument' name='browser' value='chrome-107.0.5304.88'/>
            </parameters>
            <steps/>
            <attachments/>
        </test-case>
    </test-cases>
</ns2:test-suite>