<?xml version='1.0'?>
<ns2:test-suite xmlns:ns2='urn:model.allure.qatools.yandex.ru' start='1667668473325' stop='1667668474379'>
    <name>Onliner.by Home Page navigation: Sing in with invalid password</name>
    <title>Onliner.by Home Page navigation: Sing in with invalid password</title>
    <test-cases>
        <test-case start='1667668473326' status='passed' stop='1667668473328'>
            <name></name>
            <title></title>
            <labels>
                <label name='language' value='javascript'/>
                <label name='framework' value='wdio'/>
                <label name='thread' value='0-1'/>
            </labels>
            <parameters>
                <parameter kind='argument' name='browser' value='chrome-107.0.5304.88'/>
            </parameters>
            <steps/>
            <attachments/>
        </test-case>
        <test-case start='1667668473329' status='passed' stop='1667668474265'>
            <name>Given the User opens web page https://www.onliner.by/</name>
            <title>Given the User opens web page https://www.onliner.by/</title>
            <labels>
                <label name='language' value='javascript'/>
                <label name='framework' value='wdio'/>
                <label name='thread' value='0-1'/>
            </labels>
            <parameters>
                <parameter kind='argument' name='browser' value='chrome-107.0.5304.88'/>
            </parameters>
            <steps>
                <step start='1667668473330' status='passed' stop='1667668474264'>
                    <name>POST /session/:sessionId/url</name>
                    <title>POST /session/:sessionId/url</title>
                    <attachments>
                        <attachment title='Request' source='c6c3bbc1-3a0c-424f-a93d-c4d192474562-attachment.json' type='application/json' size='38'/>
                    </attachments>
                    <steps/>
                </step>
            </steps>
            <attachments/>
        </test-case>
        <test-case start='1667668474265' status='passed' stop='1667668474376'>
            <name>When the User clicks on sign-in button</name>
            <title>When the User clicks on sign-in button</title>
            <labels>
                <label name='language' value='javascript'/>
                <label name='framework' value='wdio'/>
                <label name='thread' value='0-1'/>
            </labels>
            <parameters>
                <parameter kind='argument' name='browser' value='chrome-107.0.5304.88'/>
            </parameters>
            <steps>
                <step start='1667668474265' status='passed' stop='1667668474285'>
                    <name>POST /session/:sessionId/element</name>
                    <title>POST /session/:sessionId/element</title>
                    <attachments>
                        <attachment title='Request' source='d0de40f3-3d96-4ac7-a821-ceb307adcf4c-attachment.json' type='application/json' size='61'/>
                        <attachment title='Response' source='2d9494c5-c86b-4e9f-b197-f7c48aacf6dd-attachment.json' type='application/json' size='83'/>
                    </attachments>
                    <steps/>
                </step>
                <step start='1667668474286' status='passed' stop='1667668474298'>
                    <name>POST /session/:sessionId/execute/sync</name>
                    <title>POST /session/:sessionId/execute/sync</title>
                    <attachments>
                        <attachment title='Request' source='9f8212b1-52e4-4f80-b275-8cc13150aeb3-attachment.json' type='application/json' size='8331'/>
                        <attachment title='Response' source='09d06f1e-9e8a-4cf6-8ebe-e8a0dbe5160d-attachment.json' type='application/json' size='4'/>
                    </attachments>
                    <steps/>
                </step>
                <step start='1667668474298' status='passed' stop='1667668474311'>
                    <name>POST /session/:sessionId/execute/sync</name>
                    <title>POST /session/:sessionId/execute/sync</title>
                    <attachments>
                        <attachment title='Request' source='8535de30-0f72-4765-abd3-1a209e338013-attachment.json' type='application/json' size='5649'/>
                        <attachment title='Response' source='eba82382-3b63-440f-b2a6-8352a7abf93e-attachment.json' type='application/json' size='4'/>
                    </attachments>
                    <steps/>
                </step>
                <step start='1667668474311' status='passed' stop='1667668474376'>
                    <name>POST /session/:sessionId/element/cc3ad8ff-9cd0-44f8-8873-f59329d2f7b8/click</name>
                    <title>POST /session/:sessionId/element/cc3ad8ff-9cd0-44f8-8873-f59329d2f7b8/click</title>
                    <attachments/>
                    <steps/>
                </step>
            </steps>
            <attachments/>
        </test-case>
        <test-case start='1667668474377' status='broken' stop='1667668474378'>
            <name>When the User sign in with valid login and invalid password of 10 symbols</name>
            <title>When the User sign in with valid login and invalid password of 10 symbols</title>
            <labels>
                <label name='language' value='javascript'/>
                <label name='framework' value='wdio'/>
                <label name='thread' value='0-1'/>
            </labels>
            <parameters>
                <parameter kind='argument' name='browser' value='chrome-107.0.5304.88'/>
            </parameters>
            <steps/>
            <attachments/>
            <failure>
                <message>Step "the User sign in with valid login and invalid password of 10 symbols" is not defined. You can ignore this error by setting cucumberOpts.ignoreUndefinedDefinitions as true.</message>
                <stack-trace>Step "the User sign in with valid login and invalid password of 10 symbols" is not defined. You can ignore this error by setting cucumberOpts.ignoreUndefinedDefinitions as true.
                	at Feature(D:\AutomationQA\HW22\features\onliner-home-page-navigation.feature):1:1
                	at Scenario(Sing in with invalid password):25:5
                	at Step(the User sign in with valid login and invalid password of 10 symbols):27:5
                </stack-trace>
            </failure>
        </test-case>
        <test-case start='1667668474379' status='broken' stop='1667668474379'>
            <name>Then the User sees password error massage</name>
            <title>Then the User sees password error massage</title>
            <labels>
                <label name='language' value='javascript'/>
                <label name='framework' value='wdio'/>
                <label name='thread' value='0-1'/>
            </labels>
            <parameters>
                <parameter kind='argument' name='browser' value='chrome-107.0.5304.88'/>
            </parameters>
            <steps/>
            <attachments/>
            <failure>
                <message>Step "the User sees password error massage" is not defined. You can ignore this error by setting cucumberOpts.ignoreUndefinedDefinitions as true.</message>
                <stack-trace>Step "the User sees password error massage" is not defined. You can ignore this error by setting cucumberOpts.ignoreUndefinedDefinitions as true.
                	at Feature(D:\AutomationQA\HW22\features\onliner-home-page-navigation.feature):1:1
                	at Scenario(Sing in with invalid password):25:5
                	at Step(the User sees password error massage):28:5
                </stack-trace>
            </failure>
        </test-case>
        <test-case start='1667668474379' status='passed' stop='1667668474379'>
            <name></name>
            <title></title>
            <labels>
                <label name='language' value='javascript'/>
                <label name='framework' value='wdio'/>
                <label name='thread' value='0-1'/>
            </labels>
            <parameters>
                <parameter kind='argument' name='browser' value='chrome-107.0.5304.88'/>
            </parameters>
            <steps/>
            <attachments/>
        </test-case>
    </test-cases>
</ns2:test-suite>