<?xml version='1.0'?>
<ns2:test-suite xmlns:ns2='urn:model.allure.qatools.yandex.ru' start='1667669402346' stop='1667669403158'>
    <name>Onliner.by Home Page navigation: Sing in with invalid password</name>
    <title>Onliner.by Home Page navigation: Sing in with invalid password</title>
    <test-cases>
        <test-case start='1667669402346' status='passed' stop='1667669402346'>
            <name></name>
            <title></title>
            <labels>
                <label name='language' value='javascript'/>
                <label name='framework' value='wdio'/>
                <label name='thread' value='0-1'/>
            </labels>
            <parameters>
                <parameter kind='argument' name='browser' value='chrome-107.0.5304.88'/>
            </parameters>
            <steps/>
            <attachments/>
        </test-case>
        <test-case start='1667669402347' status='passed' stop='1667669403156'>
            <name>Given the User opens web page https://www.onliner.by/</name>
            <title>Given the User opens web page https://www.onliner.by/</title>
            <labels>
                <label name='language' value='javascript'/>
                <label name='framework' value='wdio'/>
                <label name='thread' value='0-1'/>
            </labels>
            <parameters>
                <parameter kind='argument' name='browser' value='chrome-107.0.5304.88'/>
            </parameters>
            <steps>
                <step start='1667669402347' status='passed' stop='1667669403156'>
                    <name>POST /session/:sessionId/url</name>
                    <title>POST /session/:sessionId/url</title>
                    <attachments>
                        <attachment title='Request' source='c1b0149e-60d7-461c-8581-28d88f85f161-attachment.json' type='application/json' size='38'/>
                    </attachments>
                    <steps/>
                </step>
            </steps>
            <attachments/>
        </test-case>
        <test-case start='1667669403156' status='broken' stop='1667669403156'>
            <name>When the User clicks on sign-in button</name>
            <title>When the User clicks on sign-in button</title>
            <labels>
                <label name='language' value='javascript'/>
                <label name='framework' value='wdio'/>
                <label name='thread' value='0-1'/>
            </labels>
            <parameters>
                <parameter kind='argument' name='browser' value='chrome-107.0.5304.88'/>
            </parameters>
            <steps/>
            <attachments/>
            <failure>
                <message>Step "the User clicks on sign-in button" is not defined. You can ignore this error by setting cucumberOpts.ignoreUndefinedDefinitions as true.</message>
                <stack-trace>Step "the User clicks on sign-in button" is not defined. You can ignore this error by setting cucumberOpts.ignoreUndefinedDefinitions as true.
                	at Feature(D:\AutomationQA\HW22\features\onliner-home-page-navigation.feature):1:1
                	at Scenario(Sing in with invalid password):25:5
                	at Step(the User clicks on sign-in button):26:5
                </stack-trace>
            </failure>
        </test-case>
        <test-case start='1667669403156' status='broken' stop='1667669403157'>
            <name>When the User sign in with valid login and invalid password of 10 symbols</name>
            <title>When the User sign in with valid login and invalid password of 10 symbols</title>
            <labels>
                <label name='language' value='javascript'/>
                <label name='framework' value='wdio'/>
                <label name='thread' value='0-1'/>
            </labels>
            <parameters>
                <parameter kind='argument' name='browser' value='chrome-107.0.5304.88'/>
            </parameters>
            <steps/>
            <attachments/>
            <failure>
                <message>Step "the User sign in with valid login and invalid password of 10 symbols" is not defined. You can ignore this error by setting cucumberOpts.ignoreUndefinedDefinitions as true.</message>
                <stack-trace>Step "the User sign in with valid login and invalid password of 10 symbols" is not defined. You can ignore this error by setting cucumberOpts.ignoreUndefinedDefinitions as true.
                	at Feature(D:\AutomationQA\HW22\features\onliner-home-page-navigation.feature):1:1
                	at Scenario(Sing in with invalid password):25:5
                	at Step(the User sign in with valid login and invalid password of 10 symbols):27:5
                </stack-trace>
            </failure>
        </test-case>
        <test-case start='1667669403157' status='broken' stop='1667669403157'>
            <name>Then the User sees password error massage</name>
            <title>Then the User sees password error massage</title>
            <labels>
                <label name='language' value='javascript'/>
                <label name='framework' value='wdio'/>
                <label name='thread' value='0-1'/>
            </labels>
            <parameters>
                <parameter kind='argument' name='browser' value='chrome-107.0.5304.88'/>
            </parameters>
            <steps/>
            <attachments/>
            <failure>
                <message>Step "the User sees password error massage" is not defined. You can ignore this error by setting cucumberOpts.ignoreUndefinedDefinitions as true.</message>
                <stack-trace>Step "the User sees password error massage" is not defined. You can ignore this error by setting cucumberOpts.ignoreUndefinedDefinitions as true.
                	at Feature(D:\AutomationQA\HW22\features\onliner-home-page-navigation.feature):1:1
                	at Scenario(Sing in with invalid password):25:5
                	at Step(the User sees password error massage):28:5
                </stack-trace>
            </failure>
        </test-case>
        <test-case start='1667669403157' status='passed' stop='1667669403158'>
            <name></name>
            <title></title>
            <labels>
                <label name='language' value='javascript'/>
                <label name='framework' value='wdio'/>
                <label name='thread' value='0-1'/>
            </labels>
            <parameters>
                <parameter kind='argument' name='browser' value='chrome-107.0.5304.88'/>
            </parameters>
            <steps/>
            <attachments/>
        </test-case>
    </test-cases>
</ns2:test-suite>