<?xml version='1.0'?>
<ns2:test-suite xmlns:ns2='urn:model.allure.qatools.yandex.ru' start='1667593096609' stop='1667593096615'>
    <name>Onliner.by Catalog Page navigation: Selection of section</name>
    <title>Onliner.by Catalog Page navigation: Selection of section</title>
    <test-cases>
        <test-case start='1667593096609' status='passed' stop='1667593096610'>
            <name></name>
            <title></title>
            <labels>
                <label name='language' value='javascript'/>
                <label name='framework' value='wdio'/>
                <label name='thread' value='0-0'/>
            </labels>
            <parameters>
                <parameter kind='argument' name='browser' value='chrome-107.0.5304.88'/>
            </parameters>
            <steps/>
            <attachments/>
        </test-case>
        <test-case start='1667593096610' status='broken' stop='1667593096610'>
            <name>When the User click on section name</name>
            <title>When the User click on section name</title>
            <labels>
                <label name='language' value='javascript'/>
                <label name='framework' value='wdio'/>
                <label name='thread' value='0-0'/>
            </labels>
            <parameters>
                <parameter kind='argument' name='browser' value='chrome-107.0.5304.88'/>
            </parameters>
            <steps/>
            <attachments/>
            <failure>
                <message>Step "the User click on section name" is not defined. You can ignore this error by setting cucumberOpts.ignoreUndefinedDefinitions as true.</message>
                <stack-trace>Step "the User click on section name" is not defined. You can ignore this error by setting cucumberOpts.ignoreUndefinedDefinitions as true.
                	at Feature(D:\AutomationQA\HW22\features\onliner-catalog-navigation.feature):1:1
                	at Scenario(Selection of section):11:1
                	at Step(the User click on section name):12:1
                </stack-trace>
            </failure>
        </test-case>
        <test-case start='1667593096610' status='broken' stop='1667593096613'>
            <name>Then the User sees the section is selected</name>
            <title>Then the User sees the section is selected</title>
            <labels>
                <label name='language' value='javascript'/>
                <label name='framework' value='wdio'/>
                <label name='thread' value='0-0'/>
            </labels>
            <parameters>
                <parameter kind='argument' name='browser' value='chrome-107.0.5304.88'/>
            </parameters>
            <steps/>
            <attachments/>
            <failure>
                <message>Step "the User sees the section is selected" is not defined. You can ignore this error by setting cucumberOpts.ignoreUndefinedDefinitions as true.</message>
                <stack-trace>Step "the User sees the section is selected" is not defined. You can ignore this error by setting cucumberOpts.ignoreUndefinedDefinitions as true.
                	at Feature(D:\AutomationQA\HW22\features\onliner-catalog-navigation.feature):1:1
                	at Scenario(Selection of section):11:1
                	at Step(the User sees the section is selected):13:1
                </stack-trace>
            </failure>
        </test-case>
        <test-case start='1667593096613' status='passed' stop='1667593096615'>
            <name></name>
            <title></title>
            <labels>
                <label name='language' value='javascript'/>
                <label name='framework' value='wdio'/>
                <label name='thread' value='0-0'/>
            </labels>
            <parameters>
                <parameter kind='argument' name='browser' value='chrome-107.0.5304.88'/>
            </parameters>
            <steps/>
            <attachments/>
        </test-case>
    </test-cases>
</ns2:test-suite>