<?xml version='1.0'?>
<ns2:test-suite xmlns:ns2='urn:model.allure.qatools.yandex.ru' start='1667669240580' stop='1667669241591'>
    <name>Onliner.by Home Page navigation: Sing in with invalid password</name>
    <title>Onliner.by Home Page navigation: Sing in with invalid password</title>
    <test-cases>
        <test-case start='1667669240581' status='passed' stop='1667669240582'>
            <name></name>
            <title></title>
            <labels>
                <label name='language' value='javascript'/>
                <label name='framework' value='wdio'/>
                <label name='thread' value='0-1'/>
            </labels>
            <parameters>
                <parameter kind='argument' name='browser' value='chrome-107.0.5304.88'/>
            </parameters>
            <steps/>
            <attachments/>
        </test-case>
        <test-case start='1667669240583' status='passed' stop='1667669241468'>
            <name>Given the User opens web page https://www.onliner.by/</name>
            <title>Given the User opens web page https://www.onliner.by/</title>
            <labels>
                <label name='language' value='javascript'/>
                <label name='framework' value='wdio'/>
                <label name='thread' value='0-1'/>
            </labels>
            <parameters>
                <parameter kind='argument' name='browser' value='chrome-107.0.5304.88'/>
            </parameters>
            <steps>
                <step start='1667669240583' status='passed' stop='1667669241468'>
                    <name>POST /session/:sessionId/url</name>
                    <title>POST /session/:sessionId/url</title>
                    <attachments>
                        <attachment title='Request' source='22e15631-01ae-4370-89d4-9f542567e7aa-attachment.json' type='application/json' size='38'/>
                    </attachments>
                    <steps/>
                </step>
            </steps>
            <attachments/>
        </test-case>
        <test-case start='1667669241469' status='passed' stop='1667669241588'>
            <name>When the User clicks on sign-in button</name>
            <title>When the User clicks on sign-in button</title>
            <labels>
                <label name='language' value='javascript'/>
                <label name='framework' value='wdio'/>
                <label name='thread' value='0-1'/>
            </labels>
            <parameters>
                <parameter kind='argument' name='browser' value='chrome-107.0.5304.88'/>
            </parameters>
            <steps>
                <step start='1667669241469' status='passed' stop='1667669241486'>
                    <name>POST /session/:sessionId/element</name>
                    <title>POST /session/:sessionId/element</title>
                    <attachments>
                        <attachment title='Request' source='5bd615a9-1587-4a9e-90df-96e361b6611b-attachment.json' type='application/json' size='61'/>
                        <attachment title='Response' source='5ffdcf7a-c5ff-4047-ace2-f59d089541b7-attachment.json' type='application/json' size='83'/>
                    </attachments>
                    <steps/>
                </step>
                <step start='1667669241487' status='passed' stop='1667669241503'>
                    <name>POST /session/:sessionId/execute/sync</name>
                    <title>POST /session/:sessionId/execute/sync</title>
                    <attachments>
                        <attachment title='Request' source='7dede56c-7fb2-409f-9e2a-6e93f28c7796-attachment.json' type='application/json' size='8331'/>
                        <attachment title='Response' source='a9b6de77-8f3b-4764-b4bc-a9183f934b43-attachment.json' type='application/json' size='4'/>
                    </attachments>
                    <steps/>
                </step>
                <step start='1667669241503' status='passed' stop='1667669241519'>
                    <name>POST /session/:sessionId/execute/sync</name>
                    <title>POST /session/:sessionId/execute/sync</title>
                    <attachments>
                        <attachment title='Request' source='37f623cf-1452-4ac2-aa28-2095079f9527-attachment.json' type='application/json' size='5649'/>
                        <attachment title='Response' source='3c797b24-47f7-4a9d-82e1-0856cb7d9cd7-attachment.json' type='application/json' size='4'/>
                    </attachments>
                    <steps/>
                </step>
                <step start='1667669241520' status='passed' stop='1667669241588'>
                    <name>POST /session/:sessionId/element/22dc8191-25c5-472f-bc49-99b82e55e082/click</name>
                    <title>POST /session/:sessionId/element/22dc8191-25c5-472f-bc49-99b82e55e082/click</title>
                    <attachments/>
                    <steps/>
                </step>
            </steps>
            <attachments/>
        </test-case>
        <test-case start='1667669241589' status='broken' stop='1667669241590'>
            <name>When the User sign in with valid login and invalid password of 10 symbols</name>
            <title>When the User sign in with valid login and invalid password of 10 symbols</title>
            <labels>
                <label name='language' value='javascript'/>
                <label name='framework' value='wdio'/>
                <label name='thread' value='0-1'/>
            </labels>
            <parameters>
                <parameter kind='argument' name='browser' value='chrome-107.0.5304.88'/>
            </parameters>
            <steps/>
            <attachments/>
            <failure>
                <message>Step "the User sign in with valid login and invalid password of 10 symbols" is not defined. You can ignore this error by setting cucumberOpts.ignoreUndefinedDefinitions as true.</message>
                <stack-trace>Step "the User sign in with valid login and invalid password of 10 symbols" is not defined. You can ignore this error by setting cucumberOpts.ignoreUndefinedDefinitions as true.
                	at Feature(D:\AutomationQA\HW22\features\onliner-home-page-navigation.feature):1:1
                	at Scenario(Sing in with invalid password):25:5
                	at Step(the User sign in with valid login and invalid password of 10 symbols):27:5
                </stack-trace>
            </failure>
        </test-case>
        <test-case start='1667669241590' status='broken' stop='1667669241591'>
            <name>Then the User sees password error massage</name>
            <title>Then the User sees password error massage</title>
            <labels>
                <label name='language' value='javascript'/>
                <label name='framework' value='wdio'/>
                <label name='thread' value='0-1'/>
            </labels>
            <parameters>
                <parameter kind='argument' name='browser' value='chrome-107.0.5304.88'/>
            </parameters>
            <steps/>
            <attachments/>
            <failure>
                <message>Step "the User sees password error massage" is not defined. You can ignore this error by setting cucumberOpts.ignoreUndefinedDefinitions as true.</message>
                <stack-trace>Step "the User sees password error massage" is not defined. You can ignore this error by setting cucumberOpts.ignoreUndefinedDefinitions as true.
                	at Feature(D:\AutomationQA\HW22\features\onliner-home-page-navigation.feature):1:1
                	at Scenario(Sing in with invalid password):25:5
                	at Step(the User sees password error massage):28:5
                </stack-trace>
            </failure>
        </test-case>
        <test-case start='1667669241591' status='passed' stop='1667669241591'>
            <name></name>
            <title></title>
            <labels>
                <label name='language' value='javascript'/>
                <label name='framework' value='wdio'/>
                <label name='thread' value='0-1'/>
            </labels>
            <parameters>
                <parameter kind='argument' name='browser' value='chrome-107.0.5304.88'/>
            </parameters>
            <steps/>
            <attachments/>
        </test-case>
    </test-cases>
</ns2:test-suite>