<?xml version="1.0" encoding="UTF-8"?>
<coverage generated="1660000086899" clover="3.2.0">
  <project timestamp="1660000086899" name="All files">
    <metrics statements="9" coveredstatements="9" conditionals="4" coveredconditionals="4" methods="5" coveredmethods="5" elements="18" coveredelements="18" complexity="0" loc="9" ncloc="9" packages="1" files="1" classes="1"/>
    <file name="calculator.ts" path="D:\AutomationQA\HW17\src\calculator.ts">
      <metrics statements="9" coveredstatements="9" conditionals="4" coveredconditionals="4" methods="5" coveredmethods="5"/>
      <line num="1" count="1" type="stmt"/>
      <line num="4" count="1" type="cond" truecount="1" falsecount="0"/>
      <line num="5" count="1" type="stmt"/>
      <line num="9" count="1" type="cond" truecount="1" falsecount="0"/>
      <line num="10" count="1" type="stmt"/>
      <line num="14" count="1" type="cond" truecount="1" falsecount="0"/>
      <line num="15" count="1" type="stmt"/>
      <line num="19" count="1" type="cond" truecount="1" falsecount="0"/>
      <line num="20" count="1" type="stmt"/>
    </file>
  </project>
</coverage>
