{"D:\\AutomationQA\\HW17\\src\\calculator.ts": {"path":"D:\\AutomationQA\\HW17\\src\\calculator.ts","statementMap":{"0":{"start":{"line":4,"column":8},"end":{"line":6,"column":null}},"1":{"start":{"line":5,"column":12},"end":{"line":5,"column":46}},"2":{"start":{"line":9,"column":8},"end":{"line":11,"column":null}},"3":{"start":{"line":10,"column":12},"end":{"line":10,"column":46}},"4":{"start":{"line":14,"column":8},"end":{"line":16,"column":null}},"5":{"start":{"line":15,"column":12},"end":{"line":15,"column":46}},"6":{"start":{"line":19,"column":8},"end":{"line":21,"column":null}},"7":{"start":{"line":20,"column":12},"end":{"line":20,"column":46}},"8":{"start":{"line":1,"column":0},"end":{"line":1,"column":13}}},"fnMap":{"0":{"name":"(anonymous_0)","decl":{"start":{"line":2,"column":4},"end":{"line":2,"column":19}},"loc":{"start":{"line":2,"column":4},"end":{"line":2,"column":20}}},"1":{"name":"(anonymous_1)","decl":{"start":{"line":3,"column":11},"end":{"line":3,"column":23}},"loc":{"start":{"line":3,"column":81},"end":{"line":7,"column":5}}},"2":{"name":"(anonymous_2)","decl":{"start":{"line":8,"column":11},"end":{"line":8,"column":31}},"loc":{"start":{"line":8,"column":89},"end":{"line":12,"column":5}}},"3":{"name":"(anonymous_3)","decl":{"start":{"line":13,"column":11},"end":{"line":13,"column":28}},"loc":{"start":{"line":13,"column":86},"end":{"line":17,"column":5}}},"4":{"name":"(anonymous_4)","decl":{"start":{"line":18,"column":11},"end":{"line":18,"column":25}},"loc":{"start":{"line":18,"column":83},"end":{"line":22,"column":5}}}},"branchMap":{"0":{"loc":{"start":{"line":4,"column":8},"end":{"line":6,"column":null}},"type":"if","locations":[{"start":{"line":4,"column":8},"end":{"line":6,"column":null}}]},"1":{"loc":{"start":{"line":9,"column":8},"end":{"line":11,"column":null}},"type":"if","locations":[{"start":{"line":9,"column":8},"end":{"line":11,"column":null}}]},"2":{"loc":{"start":{"line":14,"column":8},"end":{"line":16,"column":null}},"type":"if","locations":[{"start":{"line":14,"column":8},"end":{"line":16,"column":null}}]},"3":{"loc":{"start":{"line":19,"column":8},"end":{"line":21,"column":null}},"type":"if","locations":[{"start":{"line":19,"column":8},"end":{"line":21,"column":null}}]}},"s":{"0":1,"1":1,"2":1,"3":1,"4":1,"5":1,"6":1,"7":1,"8":1},"f":{"0":1,"1":1,"2":1,"3":1,"4":1},"b":{"0":[1],"1":[1],"2":[1],"3":[1]}}
}
